2020-05-06 17:45:47.168  INFO [users-ws,,,] 25579 --- [main] c.c.c.ConfigServicePropertySourceLocator : Fetching config from server at : http://localhost:8012
2020-05-06 17:45:47.380  INFO [users-ws,,,] 25579 --- [main] c.c.c.ConfigServicePropertySourceLocator : Connect Timeout Exception on Url - http://localhost:8012. Will be trying the next url if available
2020-05-06 17:45:47.381  WARN [users-ws,,,] 25579 --- [main] c.c.c.ConfigServicePropertySourceLocator : Could not locate PropertySource: I/O error on GET request for "http://localhost:8012/users-ws/default": Connection refused; nested exception is java.net.ConnectException: Connection refused
2020-05-06 17:45:47.393  INFO [users-ws,,,] 25579 --- [main] m.p.a.u.PhotoAppApiUsersApplicationTests : No active profile set, falling back to default profiles: default
2020-05-06 17:45:48.702  WARN [users-ws,,,] 25579 --- [main] o.s.boot.actuate.endpoint.EndpointId     : Endpoint ID 'bus-env' contains invalid characters, please migrate to a valid format.
2020-05-06 17:45:48.996  INFO [users-ws,,,] 25579 --- [main] .s.d.r.c.RepositoryConfigurationDelegate : Bootstrapping Spring Data JPA repositories in DEFAULT mode.
2020-05-06 17:45:49.243  INFO [users-ws,,,] 25579 --- [main] .s.d.r.c.RepositoryConfigurationDelegate : Finished Spring Data repository scanning in 234ms. Found 1 JPA repository interfaces.
2020-05-06 17:45:49.333  WARN [users-ws,,,] 25579 --- [main] o.s.boot.actuate.endpoint.EndpointId     : Endpoint ID 'bus-refresh' contains invalid characters, please migrate to a valid format.
2020-05-06 17:45:49.428  WARN [users-ws,,,] 25579 --- [main] o.s.boot.actuate.endpoint.EndpointId     : Endpoint ID 'service-registry' contains invalid characters, please migrate to a valid format.
2020-05-06 17:45:49.579  WARN [users-ws,,,] 25579 --- [main] o.s.boot.actuate.endpoint.EndpointId     : Endpoint ID 'hystrix.stream' contains invalid characters, please migrate to a valid format.
2020-05-06 17:45:50.005  INFO [users-ws,,,] 25579 --- [main] o.s.cloud.context.scope.GenericScope     : BeanFactory id=1bd424f6-77da-35ee-90e6-81af21614a7d
2020-05-06 17:45:50.307  INFO [users-ws,,,] 25579 --- [main] faultConfiguringBeanFactoryPostProcessor : No bean named 'errorChannel' has been explicitly defined. Therefore, a default PublishSubscribeChannel will be created.
2020-05-06 17:45:50.321  INFO [users-ws,,,] 25579 --- [main] faultConfiguringBeanFactoryPostProcessor : No bean named 'taskScheduler' has been explicitly defined. Therefore, a default ThreadPoolTaskScheduler will be created.
2020-05-06 17:45:50.332  INFO [users-ws,,,] 25579 --- [main] faultConfiguringBeanFactoryPostProcessor : No bean named 'integrationHeaderChannelRegistry' has been explicitly defined. Therefore, a default DefaultHeaderChannelRegistry will be created.
2020-05-06 17:45:50.982  INFO [users-ws,,,] 25579 --- [main] trationDelegate$BeanPostProcessorChecker : Bean 'integrationChannelResolver' of type [org.springframework.integration.support.channel.BeanFactoryChannelResolver] is not eligible for getting processed by all BeanPostProcessors (for example: not eligible for auto-proxying)
2020-05-06 17:45:50.995  INFO [users-ws,,,] 25579 --- [main] trationDelegate$BeanPostProcessorChecker : Bean 'integrationDisposableAutoCreatedBeans' of type [org.springframework.integration.config.annotation.Disposables] is not eligible for getting processed by all BeanPostProcessors (for example: not eligible for auto-proxying)
2020-05-06 17:45:51.056  INFO [users-ws,,,] 25579 --- [main] trationDelegate$BeanPostProcessorChecker : Bean 'org.springframework.integration.config.IntegrationManagementConfiguration' of type [org.springframework.integration.config.IntegrationManagementConfiguration] is not eligible for getting processed by all BeanPostProcessors (for example: not eligible for auto-proxying)
2020-05-06 17:45:51.631  INFO [users-ws,,,] 25579 --- [main] o.hibernate.jpa.internal.util.LogHelper  : HHH000204: Processing PersistenceUnitInfo [name: default]
2020-05-06 17:45:51.788  INFO [users-ws,,,] 25579 --- [main] org.hibernate.Version                    : HHH000412: Hibernate ORM core version 5.4.12.Final
2020-05-06 17:45:52.041  INFO [users-ws,,,] 25579 --- [main] o.hibernate.annotations.common.Version   : HCANN000001: Hibernate Commons Annotations {5.1.0.Final}
2020-05-06 17:45:52.214  INFO [users-ws,,,] 25579 --- [main] com.zaxxer.hikari.HikariDataSource       : HikariPool-1 - Starting...
2020-05-06 17:45:52.883  INFO [users-ws,,,] 25579 --- [main] com.zaxxer.hikari.HikariDataSource       : HikariPool-1 - Start completed.
2020-05-06 17:45:52.927  INFO [users-ws,,,] 25579 --- [main] org.hibernate.dialect.Dialect            : HHH000400: Using dialect: org.hibernate.dialect.MySQL8Dialect
2020-05-06 17:45:53.995  INFO [users-ws,,,] 25579 --- [main] o.h.e.t.j.p.i.JtaPlatformInitiator       : HHH000490: Using JtaPlatform implementation: [org.hibernate.engine.transaction.jta.platform.internal.NoJtaPlatform]
2020-05-06 17:45:54.012  INFO [users-ws,,,] 25579 --- [main] j.LocalContainerEntityManagerFactoryBean : Initialized JPA EntityManagerFactory for persistence unit 'default'
2020-05-06 17:45:54.801  WARN [users-ws,,,] 25579 --- [main] JpaBaseConfiguration$JpaWebConfiguration : spring.jpa.open-in-view is enabled by default. Therefore, database queries may be performed during view rendering. Explicitly configure spring.jpa.open-in-view to disable this warning
2020-05-06 17:45:55.057  WARN [users-ws,,,] 25579 --- [main] c.n.c.sources.URLConfigurationSource     : No URLs will be polled as dynamic configuration sources.
2020-05-06 17:45:55.058  INFO [users-ws,,,] 25579 --- [main] c.n.c.sources.URLConfigurationSource     : To enable URLs as dynamic configuration sources, define System property archaius.configurationSource.additionalUrls or make config.properties available on classpath.
2020-05-06 17:45:55.074  INFO [users-ws,,,] 25579 --- [main] c.netflix.config.DynamicPropertyFactory  : DynamicPropertyFactory is initialized with configuration sources: com.netflix.config.ConcurrentCompositeConfiguration@30be6a05
2020-05-06 17:45:55.315  INFO [users-ws,,,] 25579 --- [main] o.s.s.c.ThreadPoolTaskScheduler          : Initializing ExecutorService 'taskScheduler'
2020-05-06 17:45:56.000  INFO [users-ws,,,] 25579 --- [main] o.s.s.web.DefaultSecurityFilterChain     : Creating filter chain: any request, [org.springframework.security.web.context.request.async.WebAsyncManagerIntegrationFilter@66b9f727, org.springframework.security.web.context.SecurityContextPersistenceFilter@35fd987b, org.springframework.security.web.header.HeaderWriterFilter@2b0df4ba, org.springframework.security.web.authentication.logout.LogoutFilter@63c07eaf, com.mdlkumaran.photoapp.api.users.security.AuthenticationFilter@f7e004d, org.springframework.security.web.savedrequest.RequestCacheAwareFilter@29471e3e, org.springframework.security.web.servletapi.SecurityContextHolderAwareRequestFilter@2c841ac4, org.springframework.security.web.authentication.AnonymousAuthenticationFilter@2d33aa31, org.springframework.security.web.session.SessionManagementFilter@44189797, org.springframework.security.web.access.ExceptionTranslationFilter@30ae6721, org.springframework.security.web.access.intercept.FilterSecurityInterceptor@34e4a136]
2020-05-06 17:45:56.326  WARN [users-ws,,,] 25579 --- [main] c.n.c.sources.URLConfigurationSource     : No URLs will be polled as dynamic configuration sources.
2020-05-06 17:45:56.326  INFO [users-ws,,,] 25579 --- [main] c.n.c.sources.URLConfigurationSource     : To enable URLs as dynamic configuration sources, define System property archaius.configurationSource.additionalUrls or make config.properties available on classpath.
2020-05-06 17:45:56.776  INFO [users-ws,,,] 25579 --- [main] o.s.s.concurrent.ThreadPoolTaskExecutor  : Initializing ExecutorService 'applicationTaskExecutor'
2020-05-06 17:45:57.422  WARN [users-ws,,,] 25579 --- [main] o.s.c.s.zipkin2.ZipkinAutoConfiguration  : Check result of the [AsyncReporter{org.springframework.cloud.sleuth.zipkin2.sender.RestTemplateSender@41cfcbb5}] contains an error [CheckResult{ok=false, error=org.springframework.web.client.ResourceAccessException: I/O error on POST request for "http://localhost:9411/api/v2/spans": Connection refused; nested exception is java.net.ConnectException: Connection refused}]
2020-05-06 17:45:58.017  INFO [users-ws,,,] 25579 --- [main] onConfiguration$FunctionBindingRegistrar : Functional binding is disabled due to the presense of @EnableBinding annotation in your configuration
2020-05-06 17:45:58.443  INFO [users-ws,,,] 25579 --- [main] o.s.b.a.h2.H2ConsoleAutoConfiguration    : H2 console available at '/h2-console'. Database available at 'jdbc:mysql://localhost:3306/photo_app?serverTimezone=UTC'
2020-05-06 17:45:58.802  WARN [users-ws,,,] 25579 --- [main] ockingLoadBalancerClientRibbonWarnLogger : You already have RibbonLoadBalancerClient on your classpath. It will be used by default. As Spring Cloud Ribbon is in maintenance mode. We recommend switching to BlockingLoadBalancerClient instead. In order to use it, set the value of `spring.cloud.loadbalancer.ribbon.enabled` to `false` or remove spring-cloud-starter-netflix-ribbon from your project.
2020-05-06 17:45:59.300  INFO [users-ws,,,] 25579 --- [main] o.s.b.a.e.web.EndpointLinksResolver      : Exposing 1 endpoint(s) beneath base path '/actuator'
2020-05-06 17:45:59.591  INFO [users-ws,,,] 25579 --- [main] o.s.c.s.m.DirectWithAttributesChannel    : Channel 'application-1.springCloudBusInput' has 1 subscriber(s).
2020-05-06 17:45:59.635  INFO [users-ws,,,] 25579 --- [main] o.s.i.endpoint.EventDrivenConsumer       : Adding {logging-channel-adapter:_org.springframework.integration.errorLogger} as a subscriber to the 'errorChannel' channel
2020-05-06 17:45:59.635  INFO [users-ws,,,] 25579 --- [main] o.s.i.channel.PublishSubscribeChannel    : Channel 'application-1.errorChannel' has 1 subscriber(s).
2020-05-06 17:45:59.636  INFO [users-ws,,,] 25579 --- [main] o.s.i.endpoint.EventDrivenConsumer       : started bean '_org.springframework.integration.errorLogger'
2020-05-06 17:45:59.755  INFO [users-ws,,,] 25579 --- [main] c.c.c.ConfigServicePropertySourceLocator : Fetching config from server at : http://localhost:8012
2020-05-06 17:45:59.773  INFO [users-ws,,,] 25579 --- [main] c.c.c.ConfigServicePropertySourceLocator : Connect Timeout Exception on Url - http://localhost:8012. Will be trying the next url if available
2020-05-06 17:45:59.773  WARN [users-ws,,,] 25579 --- [main] c.c.c.ConfigServicePropertySourceLocator : Could not locate PropertySource: I/O error on GET request for "http://localhost:8012/users-ws/default": Connection refused; nested exception is java.net.ConnectException: Connection refused
2020-05-06 17:46:00.106  INFO [users-ws,,,] 25579 --- [main] o.s.a.r.c.CachingConnectionFactory       : Attempting to connect to: [localhost:5672]
2020-05-06 17:46:00.124  INFO [users-ws,,,] 25579 --- [main] o.s.c.s.m.DirectWithAttributesChannel    : Channel 'application-1.springCloudBusOutput' has 1 subscriber(s).
2020-05-06 17:46:00.184  INFO [users-ws,,,] 25579 --- [main] c.s.b.r.p.RabbitExchangeQueueProvisioner : declaring queue for inbound: springCloudBus.anonymous.MfTTRzqGRuSOLr5toSp9Ig, bound to: springCloudBus
2020-05-06 17:46:00.184  INFO [users-ws,,,] 25579 --- [main] o.s.a.r.c.CachingConnectionFactory       : Attempting to connect to: [localhost:5672]
2020-05-06 17:46:00.186  INFO [users-ws,,,] 25579 --- [main] o.s.a.r.c.CachingConnectionFactory       : Attempting to connect to: [localhost:5672]
2020-05-06 17:46:00.190  INFO [users-ws,,,] 25579 --- [main] o.s.a.r.c.CachingConnectionFactory       : Attempting to connect to: [localhost:5672]
2020-05-06 17:46:00.214  INFO [users-ws,,,] 25579 --- [main] o.s.c.stream.binder.BinderErrorChannel   : Channel 'springCloudBus.anonymous.MfTTRzqGRuSOLr5toSp9Ig.errors' has 1 subscriber(s).
2020-05-06 17:46:00.215  INFO [users-ws,,,] 25579 --- [main] o.s.c.stream.binder.BinderErrorChannel   : Channel 'springCloudBus.anonymous.MfTTRzqGRuSOLr5toSp9Ig.errors' has 2 subscriber(s).
2020-05-06 17:46:00.217  INFO [users-ws,,,] 25579 --- [main] o.s.a.r.c.CachingConnectionFactory       : Attempting to connect to: [localhost:5672]
2020-05-06 17:46:00.218  INFO [users-ws,,,] 25579 --- [main] o.s.a.r.l.SimpleMessageListenerContainer : Broker not available; cannot force queue declarations during start: java.net.ConnectException: Connection refused
2020-05-06 17:46:00.228  INFO [users-ws,,,] 25579 --- [springCloudBus.anonymous.MfTTRzqGRuSOLr5toSp9Ig-1] o.s.a.r.c.CachingConnectionFactory       : Attempting to connect to: [localhost:5672]
2020-05-06 17:46:00.230  INFO [users-ws,,,] 25579 --- [main] o.s.i.a.i.AmqpInboundChannelAdapter      : started bean 'inbound.springCloudBus.anonymous.MfTTRzqGRuSOLr5toSp9Ig'
2020-05-06 17:46:00.305  INFO [users-ws,,,] 25579 --- [main] m.p.a.u.PhotoAppApiUsersApplicationTests : Started PhotoAppApiUsersApplicationTests in 14.468 seconds (JVM running for 16.147)
2020-05-06 17:46:00.632  INFO [users-ws,,,] 25579 --- [SpringContextShutdownHook] o.s.c.n.eureka.InstanceInfoFactory       : Setting initial instance status as: STARTING
2020-05-06 17:46:00.638  INFO [users-ws,,,] 25579 --- [SpringContextShutdownHook] o.s.c.n.e.s.EurekaServiceRegistry        : Unregistering application USERS-WS with eureka with status DOWN
2020-05-06 17:46:00.646  INFO [users-ws,,,] 25579 --- [SpringContextShutdownHook] o.s.a.r.l.SimpleMessageListenerContainer : Waiting for workers to finish.
2020-05-06 17:46:00.646  INFO [users-ws,,,] 25579 --- [SpringContextShutdownHook] o.s.a.r.l.SimpleMessageListenerContainer : Successfully waited for workers to finish.
2020-05-06 17:46:00.646  INFO [users-ws,,,] 25579 --- [SpringContextShutdownHook] o.s.i.a.i.AmqpInboundChannelAdapter      : stopped bean 'inbound.springCloudBus.anonymous.MfTTRzqGRuSOLr5toSp9Ig'
2020-05-06 17:46:00.688  INFO [users-ws,,,] 25579 --- [SpringContextShutdownHook] o.s.c.stream.binder.BinderErrorChannel   : Channel 'application-1.springCloudBus.anonymous.MfTTRzqGRuSOLr5toSp9Ig.errors' has 1 subscriber(s).
2020-05-06 17:46:00.689  INFO [users-ws,,,] 25579 --- [SpringContextShutdownHook] o.s.c.stream.binder.BinderErrorChannel   : Channel 'application-1.springCloudBus.anonymous.MfTTRzqGRuSOLr5toSp9Ig.errors' has 0 subscriber(s).
2020-05-06 17:46:00.694  INFO [users-ws,,,] 25579 --- [SpringContextShutdownHook] o.s.i.endpoint.EventDrivenConsumer       : Removing {logging-channel-adapter:_org.springframework.integration.errorLogger} as a subscriber to the 'errorChannel' channel
2020-05-06 17:46:00.694  INFO [users-ws,,,] 25579 --- [SpringContextShutdownHook] o.s.i.channel.PublishSubscribeChannel    : Channel 'application-1.errorChannel' has 0 subscriber(s).
2020-05-06 17:46:00.694  INFO [users-ws,,,] 25579 --- [SpringContextShutdownHook] o.s.i.endpoint.EventDrivenConsumer       : stopped bean '_org.springframework.integration.errorLogger'
2020-05-06 17:46:01.445  INFO [users-ws,,,] 25579 --- [SpringContextShutdownHook] o.s.s.concurrent.ThreadPoolTaskExecutor  : Shutting down ExecutorService 'applicationTaskExecutor'
2020-05-06 17:46:01.466  INFO [users-ws,,,] 25579 --- [SpringContextShutdownHook] o.s.s.c.ThreadPoolTaskScheduler          : Shutting down ExecutorService 'taskScheduler'
2020-05-06 17:46:01.471  INFO [users-ws,,,] 25579 --- [SpringContextShutdownHook] j.LocalContainerEntityManagerFactoryBean : Closing JPA EntityManagerFactory for persistence unit 'default'
2020-05-06 17:46:01.475  INFO [users-ws,,,] 25579 --- [SpringContextShutdownHook] com.zaxxer.hikari.HikariDataSource       : HikariPool-1 - Shutdown initiated...
2020-05-06 17:46:01.492  INFO [users-ws,,,] 25579 --- [SpringContextShutdownHook] com.zaxxer.hikari.HikariDataSource       : HikariPool-1 - Shutdown completed.
